<?xml version="1.0" encoding="UTF-8"?>
<!-- Generated by org.testng.reporters.JUnitReportReporter -->
<testsuite hostname="LAPTOP-VUDDESK5" failures="0" tests="3" name="test.NewTest" time="7.466" errors="0" timestamp="21 Dec 2019 09:43:40 GMT">
  <testcase classname="test.NewTest" name="loginApp" time="7.466"/>
  <testcase classname="test.NewTest" name="checkout" time="0.000"/>
  <testcase classname="test.NewTest" name="shoppingApp" time="0.000"/>
</testsuite> <!-- test.NewTest -->
